number of parameters = 65
parameter=dfs.block.access.token.enable reconfigMode=v1v2 v1=true v2=false number of tests = 1
Running the 1 of 1 test org.apache.hadoop.hdfs.TestPersistBlocks#testRestartWithPartialBlockHflushed
[INFO] Scanning for projects...
[WARNING] 
[WARNING] Some problems were encountered while building the effective model for org.apache.hadoop:hadoop-hdfs:jar:3.1.2
[WARNING] 'build.plugins.plugin.(groupId:artifactId)' must be unique but found duplicate declaration of plugin org.apache.maven.plugins:maven-surefire-plugin @ line 426, column 11
[WARNING] 
[WARNING] It is highly recommended to fix these problems because they threaten the stability of your build.
[WARNING] 
[WARNING] For this reason, future Maven versions might no longer support building such malformed projects.
[WARNING] 
[INFO]                                                                         
[INFO] ------------------------------------------------------------------------
[INFO] Building Apache Hadoop HDFS 3.1.2
[INFO] ------------------------------------------------------------------------
[INFO] 
[INFO] --- maven-antrun-plugin:1.7:run (create-testdirs) @ hadoop-hdfs ---
[INFO] Executing tasks

main:
[INFO] Executed tasks
[INFO] 
[INFO] --- hadoop-maven-plugins:3.1.2:protoc (compile-protoc) @ hadoop-hdfs ---
[INFO] No changes detected in protoc files, skipping generation.
[INFO] 
[INFO] --- maven-remote-resources-plugin:1.5:process (default) @ hadoop-hdfs ---
[INFO] 
[INFO] --- hadoop-maven-plugins:3.1.2:resource-gz (resource-gz) @ hadoop-hdfs ---
[INFO] Compressing /root/hadoop-3.1.2-src/hadoop-hdfs-project/hadoop-hdfs/src/main/webapps/static/jquery-3.3.1.min.js to /root/hadoop-3.1.2-src/hadoop-hdfs-project/hadoop-hdfs/target/webapps/static/jquery-3.3.1.min.js.gz
[INFO] Compressing /root/hadoop-3.1.2-src/hadoop-hdfs-project/hadoop-hdfs/src/main/webapps/static/dataTables.bootstrap.css to /root/hadoop-3.1.2-src/hadoop-hdfs-project/hadoop-hdfs/target/webapps/static/dataTables.bootstrap.css.gz
[INFO] Compressing /root/hadoop-3.1.2-src/hadoop-hdfs-project/hadoop-hdfs/src/main/webapps/static/dust-helpers-1.1.1.min.js to /root/hadoop-3.1.2-src/hadoop-hdfs-project/hadoop-hdfs/target/webapps/static/dust-helpers-1.1.1.min.js.gz
[INFO] Compressing /root/hadoop-3.1.2-src/hadoop-hdfs-project/hadoop-hdfs/src/main/webapps/static/bootstrap-3.3.7/js/bootstrap.min.js to /root/hadoop-3.1.2-src/hadoop-hdfs-project/hadoop-hdfs/target/webapps/static/bootstrap-3.3.7/js/bootstrap.min.js.gz
[INFO] Compressing /root/hadoop-3.1.2-src/hadoop-hdfs-project/hadoop-hdfs/src/main/webapps/static/bootstrap-3.3.7/js/npm.js to /root/hadoop-3.1.2-src/hadoop-hdfs-project/hadoop-hdfs/target/webapps/static/bootstrap-3.3.7/js/npm.js.gz
[INFO] Compressing /root/hadoop-3.1.2-src/hadoop-hdfs-project/hadoop-hdfs/src/main/webapps/static/bootstrap-3.3.7/js/bootstrap.js to /root/hadoop-3.1.2-src/hadoop-hdfs-project/hadoop-hdfs/target/webapps/static/bootstrap-3.3.7/js/bootstrap.js.gz
[INFO] Compressing /root/hadoop-3.1.2-src/hadoop-hdfs-project/hadoop-hdfs/src/main/webapps/static/bootstrap-3.3.7/js/bootstrap-editable.min.js to /root/hadoop-3.1.2-src/hadoop-hdfs-project/hadoop-hdfs/target/webapps/static/bootstrap-3.3.7/js/bootstrap-editable.min.js.gz
[INFO] Compressing /root/hadoop-3.1.2-src/hadoop-hdfs-project/hadoop-hdfs/src/main/webapps/static/bootstrap-3.3.7/css/bootstrap-theme.min.css to /root/hadoop-3.1.2-src/hadoop-hdfs-project/hadoop-hdfs/target/webapps/static/bootstrap-3.3.7/css/bootstrap-theme.min.css.gz
[INFO] Compressing /root/hadoop-3.1.2-src/hadoop-hdfs-project/hadoop-hdfs/src/main/webapps/static/bootstrap-3.3.7/css/bootstrap.css to /root/hadoop-3.1.2-src/hadoop-hdfs-project/hadoop-hdfs/target/webapps/static/bootstrap-3.3.7/css/bootstrap.css.gz
[INFO] Compressing /root/hadoop-3.1.2-src/hadoop-hdfs-project/hadoop-hdfs/src/main/webapps/static/bootstrap-3.3.7/css/bootstrap-editable.css to /root/hadoop-3.1.2-src/hadoop-hdfs-project/hadoop-hdfs/target/webapps/static/bootstrap-3.3.7/css/bootstrap-editable.css.gz
[INFO] Compressing /root/hadoop-3.1.2-src/hadoop-hdfs-project/hadoop-hdfs/src/main/webapps/static/bootstrap-3.3.7/css/bootstrap-theme.css to /root/hadoop-3.1.2-src/hadoop-hdfs-project/hadoop-hdfs/target/webapps/static/bootstrap-3.3.7/css/bootstrap-theme.css.gz
[INFO] Compressing /root/hadoop-3.1.2-src/hadoop-hdfs-project/hadoop-hdfs/src/main/webapps/static/bootstrap-3.3.7/css/bootstrap.min.css to /root/hadoop-3.1.2-src/hadoop-hdfs-project/hadoop-hdfs/target/webapps/static/bootstrap-3.3.7/css/bootstrap.min.css.gz
[INFO] Compressing /root/hadoop-3.1.2-src/hadoop-hdfs-project/hadoop-hdfs/src/main/webapps/static/moment.min.js to /root/hadoop-3.1.2-src/hadoop-hdfs-project/hadoop-hdfs/target/webapps/static/moment.min.js.gz
[INFO] Compressing /root/hadoop-3.1.2-src/hadoop-hdfs-project/hadoop-hdfs/src/main/webapps/static/jquery.dataTables.min.js to /root/hadoop-3.1.2-src/hadoop-hdfs-project/hadoop-hdfs/target/webapps/static/jquery.dataTables.min.js.gz
[INFO] Compressing /root/hadoop-3.1.2-src/hadoop-hdfs-project/hadoop-hdfs/src/main/webapps/static/dataTables.bootstrap.js to /root/hadoop-3.1.2-src/hadoop-hdfs-project/hadoop-hdfs/target/webapps/static/dataTables.bootstrap.js.gz
[INFO] Compressing /root/hadoop-3.1.2-src/hadoop-hdfs-project/hadoop-hdfs/src/main/webapps/static/d3-v4.1.1.min.js to /root/hadoop-3.1.2-src/hadoop-hdfs-project/hadoop-hdfs/target/webapps/static/d3-v4.1.1.min.js.gz
[INFO] Compressing /root/hadoop-3.1.2-src/hadoop-hdfs-project/hadoop-hdfs/src/main/webapps/static/dfs-dust.js to /root/hadoop-3.1.2-src/hadoop-hdfs-project/hadoop-hdfs/target/webapps/static/dfs-dust.js.gz
[INFO] Compressing /root/hadoop-3.1.2-src/hadoop-hdfs-project/hadoop-hdfs/src/main/webapps/static/dust-full-2.0.0.min.js to /root/hadoop-3.1.2-src/hadoop-hdfs-project/hadoop-hdfs/target/webapps/static/dust-full-2.0.0.min.js.gz
[INFO] Compressing /root/hadoop-3.1.2-src/hadoop-hdfs-project/hadoop-hdfs/src/main/webapps/static/rest-csrf.js to /root/hadoop-3.1.2-src/hadoop-hdfs-project/hadoop-hdfs/target/webapps/static/rest-csrf.js.gz
[INFO] Compressing /root/hadoop-3.1.2-src/hadoop-hdfs-project/hadoop-hdfs/src/main/webapps/static/json-bignum.js to /root/hadoop-3.1.2-src/hadoop-hdfs-project/hadoop-hdfs/target/webapps/static/json-bignum.js.gz
[INFO] Compressing /root/hadoop-3.1.2-src/hadoop-hdfs-project/hadoop-hdfs/src/main/webapps/static/hadoop.css to /root/hadoop-3.1.2-src/hadoop-hdfs-project/hadoop-hdfs/target/webapps/static/hadoop.css.gz
[INFO] 
[INFO] --- maven-resources-plugin:2.6:resources (default-resources) @ hadoop-hdfs ---
[INFO] Using 'UTF-8' encoding to copy filtered resources.
[INFO] Copying 2 resources
[INFO] Copying 2 resources
[INFO] 
[INFO] --- maven-compiler-plugin:3.1:compile (default-compile) @ hadoop-hdfs ---
[INFO] Compiling 6 source files to /root/hadoop-3.1.2-src/hadoop-hdfs-project/hadoop-hdfs/target/classes
[INFO] 
[INFO] --- maven-antrun-plugin:1.7:run (create-web-xmls) @ hadoop-hdfs ---
[INFO] Executing tasks

main:
[INFO] Executed tasks
[INFO] 
[INFO] --- maven-resources-plugin:2.6:testResources (default-testResources) @ hadoop-hdfs ---
[INFO] Using 'UTF-8' encoding to copy filtered resources.
[INFO] Copying 57 resources
[INFO] Copying 2 resources
[INFO] 
[INFO] --- maven-antrun-plugin:1.7:run (create-log-dir) @ hadoop-hdfs ---
[INFO] Executing tasks

main:
   [delete] Deleting directory /root/hadoop-3.1.2-src/hadoop-hdfs-project/hadoop-hdfs/target/test/data
    [mkdir] Created dir: /root/hadoop-3.1.2-src/hadoop-hdfs-project/hadoop-hdfs/target/test/data
     [copy] Copying 21 files to /root/hadoop-3.1.2-src/hadoop-hdfs-project/hadoop-hdfs/target/test-classes/webapps
[INFO] Executed tasks
[INFO] 
[INFO] --- maven-compiler-plugin:3.1:testCompile (default-testCompile) @ hadoop-hdfs ---
[INFO] Nothing to compile - all classes are up to date
[INFO] 
[INFO] --- maven-surefire-plugin:3.0.0-M4:test (default-test) @ hadoop-hdfs ---
[INFO] 
[INFO] -------------------------------------------------------
[INFO]  T E S T S
[INFO] -------------------------------------------------------
[INFO] Running org.apache.hadoop.hdfs.TestPersistBlocks
[ERROR] Tests run: 1, Failures: 0, Errors: 1, Skipped: 0, Time elapsed: 17.066 s <<< FAILURE! - in org.apache.hadoop.hdfs.TestPersistBlocks
[ERROR] org.apache.hadoop.hdfs.TestPersistBlocks.testRestartWithPartialBlockHflushed  Time elapsed: 16.874 s  <<< ERROR!
java.io.IOException: Timed out waiting for Mini HDFS Cluster to start
	at org.apache.hadoop.hdfs.MiniDFSCluster.waitClusterUp(MiniDFSCluster.java:1416)
	at org.apache.hadoop.hdfs.MiniDFSCluster.restartNameNode(MiniDFSCluster.java:2139)
	at org.apache.hadoop.hdfs.MiniDFSCluster.restartNameNode(MiniDFSCluster.java:2100)
	at org.apache.hadoop.hdfs.TestPersistBlocks.testRestartWithPartialBlockHflushed(TestPersistBlocks.java:234)
	at sun.reflect.NativeMethodAccessorImpl.invoke0(Native Method)
	at sun.reflect.NativeMethodAccessorImpl.invoke(NativeMethodAccessorImpl.java:62)
	at sun.reflect.DelegatingMethodAccessorImpl.invoke(DelegatingMethodAccessorImpl.java:43)
	at java.lang.reflect.Method.invoke(Method.java:498)
	at org.junit.runners.model.FrameworkMethod$1.runReflectiveCall(FrameworkMethod.java:47)
	at org.junit.internal.runners.model.ReflectiveCallable.run(ReflectiveCallable.java:12)
	at org.junit.runners.model.FrameworkMethod.invokeExplosively(FrameworkMethod.java:44)
	at org.junit.internal.runners.statements.InvokeMethod.evaluate(InvokeMethod.java:17)
	at org.junit.runners.ParentRunner.runLeaf(ParentRunner.java:271)
	at org.junit.runners.BlockJUnit4ClassRunner.runChild(BlockJUnit4ClassRunner.java:70)
	at org.junit.runners.BlockJUnit4ClassRunner.runChild(BlockJUnit4ClassRunner.java:50)
	at org.junit.runners.ParentRunner$3.run(ParentRunner.java:238)
	at org.junit.runners.ParentRunner$1.schedule(ParentRunner.java:63)
	at org.junit.runners.ParentRunner.runChildren(ParentRunner.java:236)
	at org.junit.runners.ParentRunner.access$000(ParentRunner.java:53)
	at org.junit.runners.ParentRunner$2.evaluate(ParentRunner.java:229)
	at org.junit.runners.ParentRunner.run(ParentRunner.java:309)
	at org.apache.maven.surefire.junit4.JUnit4Provider.execute(JUnit4Provider.java:365)
	at org.apache.maven.surefire.junit4.JUnit4Provider.executeWithRerun(JUnit4Provider.java:273)
	at org.apache.maven.surefire.junit4.JUnit4Provider.executeTestSet(JUnit4Provider.java:238)
	at org.apache.maven.surefire.junit4.JUnit4Provider.invoke(JUnit4Provider.java:159)
	at org.apache.maven.surefire.booter.ForkedBooter.runSuitesInProcess(ForkedBooter.java:377)
	at org.apache.maven.surefire.booter.ForkedBooter.execute(ForkedBooter.java:138)
	at org.apache.maven.surefire.booter.ForkedBooter.run(ForkedBooter.java:465)
	at org.apache.maven.surefire.booter.ForkedBooter.main(ForkedBooter.java:451)

[INFO] 
[INFO] Results:
[INFO] 
[ERROR] Errors: 
[ERROR]   TestPersistBlocks.testRestartWithPartialBlockHflushed:234 Â» IO Timed out waiti...
[INFO] 
[ERROR] Tests run: 1, Failures: 0, Errors: 1, Skipped: 0
[INFO] 
[INFO] ------------------------------------------------------------------------
[INFO] BUILD FAILURE
[INFO] ------------------------------------------------------------------------
[INFO] Total time: 23.207 s
[INFO] Finished at: 2019-12-16T12:30:34-07:00
[INFO] Final Memory: 48M/2357M
[INFO] ------------------------------------------------------------------------
[ERROR] Failed to execute goal org.apache.maven.plugins:maven-surefire-plugin:3.0.0-M4:test (default-test) on project hadoop-hdfs: There are test failures.
[ERROR] 
[ERROR] Please refer to /root/hadoop-3.1.2-src/hadoop-hdfs-project/hadoop-hdfs/target/surefire-reports for the individual test results.
[ERROR] Please refer to dump files (if any exist) [date].dump, [date]-jvmRun[N].dump and [date].dumpstream.
[ERROR] -> [Help 1]
[ERROR] 
[ERROR] To see the full stack trace of the errors, re-run Maven with the -e switch.
[ERROR] Re-run Maven using the -X switch to enable full debug logging.
[ERROR] 
[ERROR] For more information about the errors and possible solutions, please read the following articles:
[ERROR] [Help 1] http://cwiki.apache.org/confluence/display/MAVEN/MojoFailureException
Execution time of test org.apache.hadoop.hdfs.TestPersistBlocks#testRestartWithPartialBlockHflushed in seconds : 25
Result of the 1 of 1 test org.apache.hadoop.hdfs.TestPersistBlocks#testRestartWithPartialBlockHflushed -1

parameter=dfs.block.access.token.enable reconfigMode=v1v1 v1=true v2= number of tests = 1
Running the 1 of 1 test org.apache.hadoop.hdfs.TestPersistBlocks#testRestartWithPartialBlockHflushed
[INFO] Scanning for projects...
[WARNING] 
[WARNING] Some problems were encountered while building the effective model for org.apache.hadoop:hadoop-hdfs:jar:3.1.2
[WARNING] 'build.plugins.plugin.(groupId:artifactId)' must be unique but found duplicate declaration of plugin org.apache.maven.plugins:maven-surefire-plugin @ line 426, column 11
[WARNING] 
[WARNING] It is highly recommended to fix these problems because they threaten the stability of your build.
[WARNING] 
[WARNING] For this reason, future Maven versions might no longer support building such malformed projects.
[WARNING] 
[INFO]                                                                         
[INFO] ------------------------------------------------------------------------
[INFO] Building Apache Hadoop HDFS 3.1.2
[INFO] ------------------------------------------------------------------------
[INFO] 
[INFO] --- maven-antrun-plugin:1.7:run (create-testdirs) @ hadoop-hdfs ---
[INFO] Executing tasks

main:
[INFO] Executed tasks
[INFO] 
[INFO] --- hadoop-maven-plugins:3.1.2:protoc (compile-protoc) @ hadoop-hdfs ---
[INFO] No changes detected in protoc files, skipping generation.
[INFO] 
[INFO] --- maven-remote-resources-plugin:1.5:process (default) @ hadoop-hdfs ---
[INFO] 
[INFO] --- hadoop-maven-plugins:3.1.2:resource-gz (resource-gz) @ hadoop-hdfs ---
[INFO] Compressing /root/hadoop-3.1.2-src/hadoop-hdfs-project/hadoop-hdfs/src/main/webapps/static/jquery-3.3.1.min.js to /root/hadoop-3.1.2-src/hadoop-hdfs-project/hadoop-hdfs/target/webapps/static/jquery-3.3.1.min.js.gz
[INFO] Compressing /root/hadoop-3.1.2-src/hadoop-hdfs-project/hadoop-hdfs/src/main/webapps/static/dataTables.bootstrap.css to /root/hadoop-3.1.2-src/hadoop-hdfs-project/hadoop-hdfs/target/webapps/static/dataTables.bootstrap.css.gz
[INFO] Compressing /root/hadoop-3.1.2-src/hadoop-hdfs-project/hadoop-hdfs/src/main/webapps/static/dust-helpers-1.1.1.min.js to /root/hadoop-3.1.2-src/hadoop-hdfs-project/hadoop-hdfs/target/webapps/static/dust-helpers-1.1.1.min.js.gz
[INFO] Compressing /root/hadoop-3.1.2-src/hadoop-hdfs-project/hadoop-hdfs/src/main/webapps/static/bootstrap-3.3.7/js/bootstrap.min.js to /root/hadoop-3.1.2-src/hadoop-hdfs-project/hadoop-hdfs/target/webapps/static/bootstrap-3.3.7/js/bootstrap.min.js.gz
[INFO] Compressing /root/hadoop-3.1.2-src/hadoop-hdfs-project/hadoop-hdfs/src/main/webapps/static/bootstrap-3.3.7/js/npm.js to /root/hadoop-3.1.2-src/hadoop-hdfs-project/hadoop-hdfs/target/webapps/static/bootstrap-3.3.7/js/npm.js.gz
[INFO] Compressing /root/hadoop-3.1.2-src/hadoop-hdfs-project/hadoop-hdfs/src/main/webapps/static/bootstrap-3.3.7/js/bootstrap.js to /root/hadoop-3.1.2-src/hadoop-hdfs-project/hadoop-hdfs/target/webapps/static/bootstrap-3.3.7/js/bootstrap.js.gz
[INFO] Compressing /root/hadoop-3.1.2-src/hadoop-hdfs-project/hadoop-hdfs/src/main/webapps/static/bootstrap-3.3.7/js/bootstrap-editable.min.js to /root/hadoop-3.1.2-src/hadoop-hdfs-project/hadoop-hdfs/target/webapps/static/bootstrap-3.3.7/js/bootstrap-editable.min.js.gz
[INFO] Compressing /root/hadoop-3.1.2-src/hadoop-hdfs-project/hadoop-hdfs/src/main/webapps/static/bootstrap-3.3.7/css/bootstrap-theme.min.css to /root/hadoop-3.1.2-src/hadoop-hdfs-project/hadoop-hdfs/target/webapps/static/bootstrap-3.3.7/css/bootstrap-theme.min.css.gz
[INFO] Compressing /root/hadoop-3.1.2-src/hadoop-hdfs-project/hadoop-hdfs/src/main/webapps/static/bootstrap-3.3.7/css/bootstrap.css to /root/hadoop-3.1.2-src/hadoop-hdfs-project/hadoop-hdfs/target/webapps/static/bootstrap-3.3.7/css/bootstrap.css.gz
[INFO] Compressing /root/hadoop-3.1.2-src/hadoop-hdfs-project/hadoop-hdfs/src/main/webapps/static/bootstrap-3.3.7/css/bootstrap-editable.css to /root/hadoop-3.1.2-src/hadoop-hdfs-project/hadoop-hdfs/target/webapps/static/bootstrap-3.3.7/css/bootstrap-editable.css.gz
[INFO] Compressing /root/hadoop-3.1.2-src/hadoop-hdfs-project/hadoop-hdfs/src/main/webapps/static/bootstrap-3.3.7/css/bootstrap-theme.css to /root/hadoop-3.1.2-src/hadoop-hdfs-project/hadoop-hdfs/target/webapps/static/bootstrap-3.3.7/css/bootstrap-theme.css.gz
[INFO] Compressing /root/hadoop-3.1.2-src/hadoop-hdfs-project/hadoop-hdfs/src/main/webapps/static/bootstrap-3.3.7/css/bootstrap.min.css to /root/hadoop-3.1.2-src/hadoop-hdfs-project/hadoop-hdfs/target/webapps/static/bootstrap-3.3.7/css/bootstrap.min.css.gz
[INFO] Compressing /root/hadoop-3.1.2-src/hadoop-hdfs-project/hadoop-hdfs/src/main/webapps/static/moment.min.js to /root/hadoop-3.1.2-src/hadoop-hdfs-project/hadoop-hdfs/target/webapps/static/moment.min.js.gz
[INFO] Compressing /root/hadoop-3.1.2-src/hadoop-hdfs-project/hadoop-hdfs/src/main/webapps/static/jquery.dataTables.min.js to /root/hadoop-3.1.2-src/hadoop-hdfs-project/hadoop-hdfs/target/webapps/static/jquery.dataTables.min.js.gz
[INFO] Compressing /root/hadoop-3.1.2-src/hadoop-hdfs-project/hadoop-hdfs/src/main/webapps/static/dataTables.bootstrap.js to /root/hadoop-3.1.2-src/hadoop-hdfs-project/hadoop-hdfs/target/webapps/static/dataTables.bootstrap.js.gz
[INFO] Compressing /root/hadoop-3.1.2-src/hadoop-hdfs-project/hadoop-hdfs/src/main/webapps/static/d3-v4.1.1.min.js to /root/hadoop-3.1.2-src/hadoop-hdfs-project/hadoop-hdfs/target/webapps/static/d3-v4.1.1.min.js.gz
[INFO] Compressing /root/hadoop-3.1.2-src/hadoop-hdfs-project/hadoop-hdfs/src/main/webapps/static/dfs-dust.js to /root/hadoop-3.1.2-src/hadoop-hdfs-project/hadoop-hdfs/target/webapps/static/dfs-dust.js.gz
[INFO] Compressing /root/hadoop-3.1.2-src/hadoop-hdfs-project/hadoop-hdfs/src/main/webapps/static/dust-full-2.0.0.min.js to /root/hadoop-3.1.2-src/hadoop-hdfs-project/hadoop-hdfs/target/webapps/static/dust-full-2.0.0.min.js.gz
[INFO] Compressing /root/hadoop-3.1.2-src/hadoop-hdfs-project/hadoop-hdfs/src/main/webapps/static/rest-csrf.js to /root/hadoop-3.1.2-src/hadoop-hdfs-project/hadoop-hdfs/target/webapps/static/rest-csrf.js.gz
[INFO] Compressing /root/hadoop-3.1.2-src/hadoop-hdfs-project/hadoop-hdfs/src/main/webapps/static/json-bignum.js to /root/hadoop-3.1.2-src/hadoop-hdfs-project/hadoop-hdfs/target/webapps/static/json-bignum.js.gz
[INFO] Compressing /root/hadoop-3.1.2-src/hadoop-hdfs-project/hadoop-hdfs/src/main/webapps/static/hadoop.css to /root/hadoop-3.1.2-src/hadoop-hdfs-project/hadoop-hdfs/target/webapps/static/hadoop.css.gz
[INFO] 
[INFO] --- maven-resources-plugin:2.6:resources (default-resources) @ hadoop-hdfs ---
[INFO] Using 'UTF-8' encoding to copy filtered resources.
[INFO] Copying 2 resources
[INFO] Copying 2 resources
[INFO] 
[INFO] --- maven-compiler-plugin:3.1:compile (default-compile) @ hadoop-hdfs ---
[INFO] Compiling 6 source files to /root/hadoop-3.1.2-src/hadoop-hdfs-project/hadoop-hdfs/target/classes
[INFO] 
[INFO] --- maven-antrun-plugin:1.7:run (create-web-xmls) @ hadoop-hdfs ---
[INFO] Executing tasks

main:
[INFO] Executed tasks
[INFO] 
[INFO] --- maven-resources-plugin:2.6:testResources (default-testResources) @ hadoop-hdfs ---
[INFO] Using 'UTF-8' encoding to copy filtered resources.
[INFO] Copying 57 resources
[INFO] Copying 2 resources
[INFO] 
[INFO] --- maven-antrun-plugin:1.7:run (create-log-dir) @ hadoop-hdfs ---
[INFO] Executing tasks

main:
   [delete] Deleting directory /root/hadoop-3.1.2-src/hadoop-hdfs-project/hadoop-hdfs/target/test/data
    [mkdir] Created dir: /root/hadoop-3.1.2-src/hadoop-hdfs-project/hadoop-hdfs/target/test/data
     [copy] Copying 21 files to /root/hadoop-3.1.2-src/hadoop-hdfs-project/hadoop-hdfs/target/test-classes/webapps
[INFO] Executed tasks
[INFO] 
[INFO] --- maven-compiler-plugin:3.1:testCompile (default-testCompile) @ hadoop-hdfs ---
[INFO] Nothing to compile - all classes are up to date
[INFO] 
[INFO] --- maven-surefire-plugin:3.0.0-M4:test (default-test) @ hadoop-hdfs ---
[INFO] 
[INFO] -------------------------------------------------------
[INFO]  T E S T S
[INFO] -------------------------------------------------------
[INFO] Running org.apache.hadoop.hdfs.TestPersistBlocks
[INFO] Tests run: 1, Failures: 0, Errors: 0, Skipped: 0, Time elapsed: 9.143 s - in org.apache.hadoop.hdfs.TestPersistBlocks
[INFO] 
[INFO] Results:
[INFO] 
[INFO] Tests run: 1, Failures: 0, Errors: 0, Skipped: 0
[INFO] 
[INFO] 
[INFO] --- maven-antrun-plugin:1.7:run (hdfs-test-bats-driver) @ hadoop-hdfs ---
[INFO] Executing tasks

main:
     [exec] 
     [exec] 
     [exec] ERROR: bats not installed. Skipping bash tests.
     [exec] ERROR: Please install bats as soon as possible.
     [exec] 
     [exec] 
[INFO] Executed tasks
[INFO] ------------------------------------------------------------------------
[INFO] BUILD SUCCESS
[INFO] ------------------------------------------------------------------------
[INFO] Total time: 15.744 s
[INFO] Finished at: 2019-12-16T12:30:51-07:00
[INFO] Final Memory: 48M/2343M
[INFO] ------------------------------------------------------------------------
Execution time of test org.apache.hadoop.hdfs.TestPersistBlocks#testRestartWithPartialBlockHflushed in seconds : 17
Result of the 1 of 1 test org.apache.hadoop.hdfs.TestPersistBlocks#testRestartWithPartialBlockHflushed 1

parameter=dfs.block.access.token.enable reconfigMode=v2v2 v1= v2=false number of tests = 1
Running the 1 of 1 test org.apache.hadoop.hdfs.TestPersistBlocks#testRestartWithPartialBlockHflushed
[INFO] Scanning for projects...
[WARNING] 
[WARNING] Some problems were encountered while building the effective model for org.apache.hadoop:hadoop-hdfs:jar:3.1.2
[WARNING] 'build.plugins.plugin.(groupId:artifactId)' must be unique but found duplicate declaration of plugin org.apache.maven.plugins:maven-surefire-plugin @ line 426, column 11
[WARNING] 
[WARNING] It is highly recommended to fix these problems because they threaten the stability of your build.
[WARNING] 
[WARNING] For this reason, future Maven versions might no longer support building such malformed projects.
[WARNING] 
[INFO]                                                                         
[INFO] ------------------------------------------------------------------------
[INFO] Building Apache Hadoop HDFS 3.1.2
[INFO] ------------------------------------------------------------------------
[INFO] 
[INFO] --- maven-antrun-plugin:1.7:run (create-testdirs) @ hadoop-hdfs ---
[INFO] Executing tasks

main:
[INFO] Executed tasks
[INFO] 
[INFO] --- hadoop-maven-plugins:3.1.2:protoc (compile-protoc) @ hadoop-hdfs ---
[INFO] No changes detected in protoc files, skipping generation.
[INFO] 
[INFO] --- maven-remote-resources-plugin:1.5:process (default) @ hadoop-hdfs ---
[INFO] 
[INFO] --- hadoop-maven-plugins:3.1.2:resource-gz (resource-gz) @ hadoop-hdfs ---
[INFO] Compressing /root/hadoop-3.1.2-src/hadoop-hdfs-project/hadoop-hdfs/src/main/webapps/static/jquery-3.3.1.min.js to /root/hadoop-3.1.2-src/hadoop-hdfs-project/hadoop-hdfs/target/webapps/static/jquery-3.3.1.min.js.gz
[INFO] Compressing /root/hadoop-3.1.2-src/hadoop-hdfs-project/hadoop-hdfs/src/main/webapps/static/dataTables.bootstrap.css to /root/hadoop-3.1.2-src/hadoop-hdfs-project/hadoop-hdfs/target/webapps/static/dataTables.bootstrap.css.gz
[INFO] Compressing /root/hadoop-3.1.2-src/hadoop-hdfs-project/hadoop-hdfs/src/main/webapps/static/dust-helpers-1.1.1.min.js to /root/hadoop-3.1.2-src/hadoop-hdfs-project/hadoop-hdfs/target/webapps/static/dust-helpers-1.1.1.min.js.gz
[INFO] Compressing /root/hadoop-3.1.2-src/hadoop-hdfs-project/hadoop-hdfs/src/main/webapps/static/bootstrap-3.3.7/js/bootstrap.min.js to /root/hadoop-3.1.2-src/hadoop-hdfs-project/hadoop-hdfs/target/webapps/static/bootstrap-3.3.7/js/bootstrap.min.js.gz
[INFO] Compressing /root/hadoop-3.1.2-src/hadoop-hdfs-project/hadoop-hdfs/src/main/webapps/static/bootstrap-3.3.7/js/npm.js to /root/hadoop-3.1.2-src/hadoop-hdfs-project/hadoop-hdfs/target/webapps/static/bootstrap-3.3.7/js/npm.js.gz
[INFO] Compressing /root/hadoop-3.1.2-src/hadoop-hdfs-project/hadoop-hdfs/src/main/webapps/static/bootstrap-3.3.7/js/bootstrap.js to /root/hadoop-3.1.2-src/hadoop-hdfs-project/hadoop-hdfs/target/webapps/static/bootstrap-3.3.7/js/bootstrap.js.gz
[INFO] Compressing /root/hadoop-3.1.2-src/hadoop-hdfs-project/hadoop-hdfs/src/main/webapps/static/bootstrap-3.3.7/js/bootstrap-editable.min.js to /root/hadoop-3.1.2-src/hadoop-hdfs-project/hadoop-hdfs/target/webapps/static/bootstrap-3.3.7/js/bootstrap-editable.min.js.gz
[INFO] Compressing /root/hadoop-3.1.2-src/hadoop-hdfs-project/hadoop-hdfs/src/main/webapps/static/bootstrap-3.3.7/css/bootstrap-theme.min.css to /root/hadoop-3.1.2-src/hadoop-hdfs-project/hadoop-hdfs/target/webapps/static/bootstrap-3.3.7/css/bootstrap-theme.min.css.gz
[INFO] Compressing /root/hadoop-3.1.2-src/hadoop-hdfs-project/hadoop-hdfs/src/main/webapps/static/bootstrap-3.3.7/css/bootstrap.css to /root/hadoop-3.1.2-src/hadoop-hdfs-project/hadoop-hdfs/target/webapps/static/bootstrap-3.3.7/css/bootstrap.css.gz
[INFO] Compressing /root/hadoop-3.1.2-src/hadoop-hdfs-project/hadoop-hdfs/src/main/webapps/static/bootstrap-3.3.7/css/bootstrap-editable.css to /root/hadoop-3.1.2-src/hadoop-hdfs-project/hadoop-hdfs/target/webapps/static/bootstrap-3.3.7/css/bootstrap-editable.css.gz
[INFO] Compressing /root/hadoop-3.1.2-src/hadoop-hdfs-project/hadoop-hdfs/src/main/webapps/static/bootstrap-3.3.7/css/bootstrap-theme.css to /root/hadoop-3.1.2-src/hadoop-hdfs-project/hadoop-hdfs/target/webapps/static/bootstrap-3.3.7/css/bootstrap-theme.css.gz
[INFO] Compressing /root/hadoop-3.1.2-src/hadoop-hdfs-project/hadoop-hdfs/src/main/webapps/static/bootstrap-3.3.7/css/bootstrap.min.css to /root/hadoop-3.1.2-src/hadoop-hdfs-project/hadoop-hdfs/target/webapps/static/bootstrap-3.3.7/css/bootstrap.min.css.gz
[INFO] Compressing /root/hadoop-3.1.2-src/hadoop-hdfs-project/hadoop-hdfs/src/main/webapps/static/moment.min.js to /root/hadoop-3.1.2-src/hadoop-hdfs-project/hadoop-hdfs/target/webapps/static/moment.min.js.gz
[INFO] Compressing /root/hadoop-3.1.2-src/hadoop-hdfs-project/hadoop-hdfs/src/main/webapps/static/jquery.dataTables.min.js to /root/hadoop-3.1.2-src/hadoop-hdfs-project/hadoop-hdfs/target/webapps/static/jquery.dataTables.min.js.gz
[INFO] Compressing /root/hadoop-3.1.2-src/hadoop-hdfs-project/hadoop-hdfs/src/main/webapps/static/dataTables.bootstrap.js to /root/hadoop-3.1.2-src/hadoop-hdfs-project/hadoop-hdfs/target/webapps/static/dataTables.bootstrap.js.gz
[INFO] Compressing /root/hadoop-3.1.2-src/hadoop-hdfs-project/hadoop-hdfs/src/main/webapps/static/d3-v4.1.1.min.js to /root/hadoop-3.1.2-src/hadoop-hdfs-project/hadoop-hdfs/target/webapps/static/d3-v4.1.1.min.js.gz
[INFO] Compressing /root/hadoop-3.1.2-src/hadoop-hdfs-project/hadoop-hdfs/src/main/webapps/static/dfs-dust.js to /root/hadoop-3.1.2-src/hadoop-hdfs-project/hadoop-hdfs/target/webapps/static/dfs-dust.js.gz
[INFO] Compressing /root/hadoop-3.1.2-src/hadoop-hdfs-project/hadoop-hdfs/src/main/webapps/static/dust-full-2.0.0.min.js to /root/hadoop-3.1.2-src/hadoop-hdfs-project/hadoop-hdfs/target/webapps/static/dust-full-2.0.0.min.js.gz
[INFO] Compressing /root/hadoop-3.1.2-src/hadoop-hdfs-project/hadoop-hdfs/src/main/webapps/static/rest-csrf.js to /root/hadoop-3.1.2-src/hadoop-hdfs-project/hadoop-hdfs/target/webapps/static/rest-csrf.js.gz
[INFO] Compressing /root/hadoop-3.1.2-src/hadoop-hdfs-project/hadoop-hdfs/src/main/webapps/static/json-bignum.js to /root/hadoop-3.1.2-src/hadoop-hdfs-project/hadoop-hdfs/target/webapps/static/json-bignum.js.gz
[INFO] Compressing /root/hadoop-3.1.2-src/hadoop-hdfs-project/hadoop-hdfs/src/main/webapps/static/hadoop.css to /root/hadoop-3.1.2-src/hadoop-hdfs-project/hadoop-hdfs/target/webapps/static/hadoop.css.gz
[INFO] 
[INFO] --- maven-resources-plugin:2.6:resources (default-resources) @ hadoop-hdfs ---
[INFO] Using 'UTF-8' encoding to copy filtered resources.
[INFO] Copying 2 resources
[INFO] Copying 2 resources
[INFO] 
[INFO] --- maven-compiler-plugin:3.1:compile (default-compile) @ hadoop-hdfs ---
[INFO] Compiling 6 source files to /root/hadoop-3.1.2-src/hadoop-hdfs-project/hadoop-hdfs/target/classes
[INFO] 
[INFO] --- maven-antrun-plugin:1.7:run (create-web-xmls) @ hadoop-hdfs ---
[INFO] Executing tasks

main:
[INFO] Executed tasks
[INFO] 
[INFO] --- maven-resources-plugin:2.6:testResources (default-testResources) @ hadoop-hdfs ---
[INFO] Using 'UTF-8' encoding to copy filtered resources.
[INFO] Copying 57 resources
[INFO] Copying 2 resources
[INFO] 
[INFO] --- maven-antrun-plugin:1.7:run (create-log-dir) @ hadoop-hdfs ---
[INFO] Executing tasks

main:
   [delete] Deleting directory /root/hadoop-3.1.2-src/hadoop-hdfs-project/hadoop-hdfs/target/test/data
    [mkdir] Created dir: /root/hadoop-3.1.2-src/hadoop-hdfs-project/hadoop-hdfs/target/test/data
     [copy] Copying 21 files to /root/hadoop-3.1.2-src/hadoop-hdfs-project/hadoop-hdfs/target/test-classes/webapps
[INFO] Executed tasks
[INFO] 
[INFO] --- maven-compiler-plugin:3.1:testCompile (default-testCompile) @ hadoop-hdfs ---
[INFO] Nothing to compile - all classes are up to date
[INFO] 
[INFO] --- maven-surefire-plugin:3.0.0-M4:test (default-test) @ hadoop-hdfs ---
[INFO] 
[INFO] -------------------------------------------------------
[INFO]  T E S T S
[INFO] -------------------------------------------------------
[INFO] Running org.apache.hadoop.hdfs.TestPersistBlocks
[INFO] Tests run: 1, Failures: 0, Errors: 0, Skipped: 0, Time elapsed: 9.049 s - in org.apache.hadoop.hdfs.TestPersistBlocks
[INFO] 
[INFO] Results:
[INFO] 
[INFO] Tests run: 1, Failures: 0, Errors: 0, Skipped: 0
[INFO] 
[INFO] 
[INFO] --- maven-antrun-plugin:1.7:run (hdfs-test-bats-driver) @ hadoop-hdfs ---
[INFO] Executing tasks

main:
     [exec] 
     [exec] 
     [exec] ERROR: bats not installed. Skipping bash tests.
     [exec] ERROR: Please install bats as soon as possible.
     [exec] 
     [exec] 
[INFO] Executed tasks
[INFO] ------------------------------------------------------------------------
[INFO] BUILD SUCCESS
[INFO] ------------------------------------------------------------------------
[INFO] Total time: 15.734 s
[INFO] Finished at: 2019-12-16T12:31:09-07:00
[INFO] Final Memory: 50M/2470M
[INFO] ------------------------------------------------------------------------
Execution time of test org.apache.hadoop.hdfs.TestPersistBlocks#testRestartWithPartialBlockHflushed in seconds : 17
Result of the 1 of 1 test org.apache.hadoop.hdfs.TestPersistBlocks#testRestartWithPartialBlockHflushed 1

Interesting org.apache.hadoop.hdfs.TestPersistBlocks#testRestartWithPartialBlockHflushed
Execution time of all 1 tests in seconds : 60
